<?xml version="1.0" encoding="UTF-8"?>
<!-- Generated by org.testng.reporters.JUnitXMLReporter -->
<testsuite ignored="0" hostname="Active35" failures="2" tests="2" name="Default test(failed)" time="16.25" errors="0" timestamp="2023-09-13T12:33:45 IST">
  <testcase classname="ForLoops.check$Iterations" name="linksCall" time="0.0">
    <failure type="org.testng.TestNGException" message="
Cannot inject @Test annotated Method [linksCall] with [class java.lang.String].
For more information on native dependency injection please refer to https://testng.org/doc/documentation-main.html#native-dependency-injection">
      <![CDATA[org.testng.TestNGException: 
Cannot inject @Test annotated Method [linksCall] with [class java.lang.String].
For more information on native dependency injection please refer to https://testng.org/doc/documentation-main.html#native-dependency-injection
at java.base/java.util.ArrayList.forEach(ArrayList.java:1511)
... Removed 26 stack frames]]>
    </failure>
  </testcase> <!-- linksCall -->
  <testcase classname="ForLoops.check$Iterations" name="eno" time="16.099">
    <failure type="java.lang.NullPointerException" message="Cannot invoke &amp;quot;java.util.List.size()&amp;quot; because &amp;quot;this.AllLinks&amp;quot; is null">
      <![CDATA[java.lang.NullPointerException: Cannot invoke "java.util.List.size()" because "this.AllLinks" is null
at ForLoops.check$Iterations.linksCall(check.java:27)
at ForLoops.check$Iterations.eno(check.java:44)
at java.base/java.util.ArrayList.forEach(ArrayList.java:1511)
... Removed 27 stack frames]]>
    </failure>
  </testcase> <!-- eno -->
</testsuite> <!-- Default test(failed) -->
